<?xml version="1.0" encoding="UTF-8"?>
<coverage generated="1513363521977" clover="3.2.0">
  <project timestamp="1513363521977" name="All files">
    <metrics statements="79" coveredstatements="68" conditionals="64" coveredconditionals="57" methods="46" coveredmethods="36" elements="189" coveredelements="161" complexity="0" loc="79" ncloc="79" packages="6" files="14" classes="14">
      <package name="actions">
        <metrics statements="9" coveredstatements="9" conditionals="9" coveredconditionals="6" methods="8" coveredmethods="8"/>
        <file name="expenses.js" path="C:\Users\Drugie konto\Desktop\ReactMead2\expensify\src\actions\expenses.js">
          <metrics statements="4" coveredstatements="4" conditionals="6" coveredconditionals="5" methods="3" coveredmethods="3"/>
          <line num="3" count="1" type="stmt"/>
          <line num="5" count="2" type="stmt"/>
          <line num="16" count="1" type="cond" truecount="0" falsecount="1"/>
          <line num="21" count="1" type="stmt"/>
        </file>
        <file name="filters.js" path="C:\Users\Drugie konto\Desktop\ReactMead2\expensify\src\actions\filters.js">
          <metrics statements="5" coveredstatements="5" conditionals="3" coveredconditionals="1" methods="5" coveredmethods="5"/>
          <line num="1" count="2" type="cond" truecount="1" falsecount="0"/>
          <line num="6" count="2" type="stmt"/>
          <line num="10" count="2" type="stmt"/>
          <line num="14" count="2" type="cond" truecount="0" falsecount="1"/>
          <line num="19" count="2" type="cond" truecount="0" falsecount="1"/>
        </file>
      </package>
      <package name="components">
        <metrics statements="42" coveredstatements="31" conditionals="26" coveredconditionals="23" methods="31" coveredmethods="21"/>
        <file name="ExpenseDashboardPage.js" path="C:\Users\Drugie konto\Desktop\ReactMead2\expensify\src\components\ExpenseDashboardPage.js">
          <metrics statements="2" coveredstatements="2" conditionals="0" coveredconditionals="0" methods="1" coveredmethods="1"/>
          <line num="5" count="1" type="stmt"/>
          <line num="6" count="1" type="stmt"/>
        </file>
        <file name="ExpenseForm.js" path="C:\Users\Drugie konto\Desktop\ReactMead2\expensify\src\components\ExpenseForm.js">
          <metrics statements="19" coveredstatements="18" conditionals="22" coveredconditionals="21" methods="16" coveredmethods="15"/>
          <line num="11" count="10" type="stmt"/>
          <line num="13" count="10" type="stmt"/>
          <line num="24" count="1" type="stmt"/>
          <line num="25" count="1" type="stmt"/>
          <line num="29" count="1" type="stmt"/>
          <line num="30" count="1" type="stmt"/>
          <line num="34" count="2" type="stmt"/>
          <line num="35" count="2" type="cond" truecount="4" falsecount="0"/>
          <line num="36" count="1" type="stmt"/>
          <line num="41" count="1" type="cond" truecount="1" falsecount="1"/>
          <line num="42" count="1" type="stmt"/>
          <line num="47" count="1" type="stmt"/>
          <line num="51" count="2" type="stmt"/>
          <line num="53" count="2" type="cond" truecount="4" falsecount="0"/>
          <line num="54" count="1" type="stmt"/>
          <line num="56" count="1" type="stmt"/>
          <line num="57" count="1" type="stmt"/>
          <line num="67" count="17" type="stmt"/>
          <line num="90" count="0" type="stmt"/>
        </file>
        <file name="ExpenseList.js" path="C:\Users\Drugie konto\Desktop\ReactMead2\expensify\src\components\ExpenseList.js">
          <metrics statements="5" coveredstatements="4" conditionals="2" coveredconditionals="2" methods="3" coveredmethods="2"/>
          <line num="7" count="2" type="stmt"/>
          <line num="8" count="2" type="stmt"/>
          <line num="14" count="3" type="stmt"/>
          <line num="27" count="2" type="stmt"/>
          <line num="28" count="0" type="stmt"/>
        </file>
        <file name="ExpenseListFilters.js" path="C:\Users\Drugie konto\Desktop\ReactMead2\expensify\src\components\ExpenseListFilters.js">
          <metrics statements="10" coveredstatements="1" conditionals="2" coveredconditionals="0" methods="8" coveredmethods="0"/>
          <line num="12" count="0" type="stmt"/>
          <line num="13" count="0" type="stmt"/>
          <line num="17" count="0" type="stmt"/>
          <line num="21" count="0" type="stmt"/>
          <line num="24" count="0" type="stmt"/>
          <line num="29" count="0" type="cond" truecount="0" falsecount="2"/>
          <line num="30" count="0" type="stmt"/>
          <line num="44" count="0" type="stmt"/>
          <line num="51" count="1" type="stmt"/>
          <line num="52" count="0" type="stmt"/>
        </file>
        <file name="ExpenseListItem.js" path="C:\Users\Drugie konto\Desktop\ReactMead2\expensify\src\components\ExpenseListItem.js">
          <metrics statements="2" coveredstatements="2" conditionals="0" coveredconditionals="0" methods="1" coveredmethods="1"/>
          <line num="4" count="3" type="stmt"/>
          <line num="5" count="1" type="stmt"/>
        </file>
        <file name="Header.js" path="C:\Users\Drugie konto\Desktop\ReactMead2\expensify\src\components\Header.js">
          <metrics statements="2" coveredstatements="2" conditionals="0" coveredconditionals="0" methods="1" coveredmethods="1"/>
          <line num="4" count="1" type="stmt"/>
          <line num="5" count="1" type="stmt"/>
        </file>
        <file name="NotFoundPage.js" path="C:\Users\Drugie konto\Desktop\ReactMead2\expensify\src\components\NotFoundPage.js">
          <metrics statements="2" coveredstatements="2" conditionals="0" coveredconditionals="0" methods="1" coveredmethods="1"/>
          <line num="4" count="1" type="stmt"/>
          <line num="5" count="1" type="stmt"/>
        </file>
      </package>
      <package name="reducers">
        <metrics statements="17" coveredstatements="17" conditionals="14" coveredconditionals="14" methods="4" coveredmethods="4"/>
        <file name="expenses.js" path="C:\Users\Drugie konto\Desktop\ReactMead2\expensify\src\reducers\expenses.js">
          <metrics statements="9" coveredstatements="9" conditionals="7" coveredconditionals="7" methods="3" coveredmethods="3"/>
          <line num="1" count="1" type="stmt"/>
          <line num="4" count="6" type="cond" truecount="4" falsecount="0"/>
          <line num="6" count="1" type="stmt"/>
          <line num="8" count="6" type="stmt"/>
          <line num="10" count="2" type="stmt"/>
          <line num="11" count="6" type="cond" truecount="2" falsecount="0"/>
          <line num="12" count="1" type="stmt"/>
          <line num="14" count="5" type="stmt"/>
          <line num="18" count="1" type="stmt"/>
        </file>
        <file name="filters.js" path="C:\Users\Drugie konto\Desktop\ReactMead2\expensify\src\reducers\filters.js">
          <metrics statements="8" coveredstatements="8" conditionals="7" coveredconditionals="7" methods="1" coveredmethods="1"/>
          <line num="3" count="1" type="stmt"/>
          <line num="11" count="6" type="cond" truecount="6" falsecount="0"/>
          <line num="13" count="1" type="stmt"/>
          <line num="15" count="1" type="stmt"/>
          <line num="17" count="1" type="stmt"/>
          <line num="19" count="1" type="stmt"/>
          <line num="21" count="1" type="stmt"/>
          <line num="23" count="1" type="stmt"/>
        </file>
      </package>
      <package name="selectors">
        <metrics statements="10" coveredstatements="10" conditionals="15" coveredconditionals="14" methods="3" coveredmethods="3"/>
        <file name="expenses.js" path="C:\Users\Drugie konto\Desktop\ReactMead2\expensify\src\selectors\expenses.js">
          <metrics statements="10" coveredstatements="10" conditionals="15" coveredconditionals="14" methods="3" coveredmethods="3"/>
          <line num="4" count="5" type="stmt"/>
          <line num="5" count="15" type="stmt"/>
          <line num="6" count="15" type="cond" truecount="2" falsecount="0"/>
          <line num="7" count="15" type="cond" truecount="2" falsecount="0"/>
          <line num="8" count="15" type="stmt"/>
          <line num="10" count="15" type="cond" truecount="3" falsecount="0"/>
          <line num="12" count="9" type="cond" truecount="2" falsecount="0"/>
          <line num="13" count="6" type="cond" truecount="2" falsecount="0"/>
          <line num="14" count="3" type="cond" truecount="1" falsecount="1"/>
          <line num="15" count="3" type="cond" truecount="2" falsecount="0"/>
        </file>
      </package>
      <package name="tests">
        <metrics statements="1" coveredstatements="1" conditionals="0" coveredconditionals="0" methods="0" coveredmethods="0"/>
        <file name="setupTests.js" path="C:\Users\Drugie konto\Desktop\ReactMead2\expensify\src\tests\setupTests.js">
          <metrics statements="1" coveredstatements="1" conditionals="0" coveredconditionals="0" methods="0" coveredmethods="0"/>
          <line num="4" count="11" type="stmt"/>
        </file>
      </package>
      <package name="tests.fixtures">
        <metrics statements="0" coveredstatements="0" conditionals="0" coveredconditionals="0" methods="0" coveredmethods="0"/>
        <file name="expenses.js" path="C:\Users\Drugie konto\Desktop\ReactMead2\expensify\src\tests\fixtures\expenses.js">
          <metrics statements="0" coveredstatements="0" conditionals="0" coveredconditionals="0" methods="0" coveredmethods="0"/>
        </file>
      </package>
    </metrics>
  </project>
</coverage>
