{"C:\\Users\\Drugie konto\\Desktop\\ReactMead2\\expensify\\src\\actions\\expenses.js": {"path":"C:\\Users\\Drugie konto\\Desktop\\ReactMead2\\expensify\\src\\actions\\expenses.js","statementMap":{"0":{"start":{"line":3,"column":26},"end":{"line":14,"column":2}},"1":{"start":{"line":5,"column":6},"end":{"line":14,"column":1}},"2":{"start":{"line":16,"column":29},"end":{"line":19,"column":2}},"3":{"start":{"line":16,"column":47},"end":{"line":19,"column":1}},"4":{"start":{"line":21,"column":27},"end":{"line":25,"column":2}},"5":{"start":{"line":21,"column":45},"end":{"line":25,"column":1}}},"fnMap":{"0":{"name":"(anonymous_0)","decl":{"start":{"line":3,"column":26},"end":{"line":3,"column":27}},"loc":{"start":{"line":5,"column":6},"end":{"line":14,"column":1}},"line":5},"1":{"name":"(anonymous_1)","decl":{"start":{"line":16,"column":29},"end":{"line":16,"column":30}},"loc":{"start":{"line":16,"column":47},"end":{"line":19,"column":1}},"line":16},"2":{"name":"(anonymous_2)","decl":{"start":{"line":21,"column":27},"end":{"line":21,"column":28}},"loc":{"start":{"line":21,"column":45},"end":{"line":25,"column":1}},"line":21}},"branchMap":{"0":{"loc":{"start":{"line":4,"column":2},"end":{"line":4,"column":65}},"type":"default-arg","locations":[{"start":{"line":4,"column":63},"end":{"line":4,"column":65}}],"line":4},"1":{"loc":{"start":{"line":4,"column":4},"end":{"line":4,"column":20}},"type":"default-arg","locations":[{"start":{"line":4,"column":18},"end":{"line":4,"column":20}}],"line":4},"2":{"loc":{"start":{"line":4,"column":22},"end":{"line":4,"column":31}},"type":"default-arg","locations":[{"start":{"line":4,"column":29},"end":{"line":4,"column":31}}],"line":4},"3":{"loc":{"start":{"line":4,"column":33},"end":{"line":4,"column":43}},"type":"default-arg","locations":[{"start":{"line":4,"column":42},"end":{"line":4,"column":43}}],"line":4},"4":{"loc":{"start":{"line":4,"column":45},"end":{"line":4,"column":58}},"type":"default-arg","locations":[{"start":{"line":4,"column":57},"end":{"line":4,"column":58}}],"line":4},"5":{"loc":{"start":{"line":16,"column":30},"end":{"line":16,"column":41}},"type":"default-arg","locations":[{"start":{"line":16,"column":39},"end":{"line":16,"column":41}}],"line":16}},"s":{"0":1,"1":2,"2":1,"3":1,"4":1,"5":1},"f":{"0":2,"1":1,"2":1},"b":{"0":[1],"1":[1],"2":[1],"3":[1],"4":[1],"5":[0]},"_coverageSchema":"332fd63041d2c1bcb487cc26dd0d5f7d97098a6c","hash":"42b53c96651dedc2ac1c614317934c68d0e76993"}
,"C:\\Users\\Drugie konto\\Desktop\\ReactMead2\\expensify\\src\\actions\\filters.js": {"path":"C:\\Users\\Drugie konto\\Desktop\\ReactMead2\\expensify\\src\\actions\\filters.js","statementMap":{"0":{"start":{"line":1,"column":29},"end":{"line":4,"column":2}},"1":{"start":{"line":1,"column":45},"end":{"line":4,"column":1}},"2":{"start":{"line":6,"column":28},"end":{"line":8,"column":2}},"3":{"start":{"line":6,"column":35},"end":{"line":8,"column":1}},"4":{"start":{"line":10,"column":26},"end":{"line":12,"column":2}},"5":{"start":{"line":10,"column":33},"end":{"line":12,"column":1}},"6":{"start":{"line":14,"column":28},"end":{"line":17,"column":2}},"7":{"start":{"line":14,"column":46},"end":{"line":17,"column":1}},"8":{"start":{"line":19,"column":26},"end":{"line":22,"column":2}},"9":{"start":{"line":19,"column":44},"end":{"line":22,"column":1}}},"fnMap":{"0":{"name":"(anonymous_0)","decl":{"start":{"line":1,"column":29},"end":{"line":1,"column":30}},"loc":{"start":{"line":1,"column":45},"end":{"line":4,"column":1}},"line":1},"1":{"name":"(anonymous_1)","decl":{"start":{"line":6,"column":28},"end":{"line":6,"column":29}},"loc":{"start":{"line":6,"column":35},"end":{"line":8,"column":1}},"line":6},"2":{"name":"(anonymous_2)","decl":{"start":{"line":10,"column":26},"end":{"line":10,"column":27}},"loc":{"start":{"line":10,"column":33},"end":{"line":12,"column":1}},"line":10},"3":{"name":"(anonymous_3)","decl":{"start":{"line":14,"column":28},"end":{"line":14,"column":29}},"loc":{"start":{"line":14,"column":46},"end":{"line":17,"column":1}},"line":14},"4":{"name":"(anonymous_4)","decl":{"start":{"line":19,"column":26},"end":{"line":19,"column":27}},"loc":{"start":{"line":19,"column":44},"end":{"line":22,"column":1}},"line":19}},"branchMap":{"0":{"loc":{"start":{"line":1,"column":30},"end":{"line":1,"column":39}},"type":"default-arg","locations":[{"start":{"line":1,"column":37},"end":{"line":1,"column":39}}],"line":1},"1":{"loc":{"start":{"line":14,"column":29},"end":{"line":14,"column":40}},"type":"default-arg","locations":[{"start":{"line":14,"column":36},"end":{"line":14,"column":40}}],"line":14},"2":{"loc":{"start":{"line":19,"column":27},"end":{"line":19,"column":38}},"type":"default-arg","locations":[{"start":{"line":19,"column":34},"end":{"line":19,"column":38}}],"line":19}},"s":{"0":2,"1":2,"2":2,"3":1,"4":2,"5":1,"6":2,"7":1,"8":2,"9":1},"f":{"0":2,"1":1,"2":1,"3":1,"4":1},"b":{"0":[1],"1":[0],"2":[0]},"_coverageSchema":"332fd63041d2c1bcb487cc26dd0d5f7d97098a6c","hash":"8f5e9a1f6612d8cde594369f6493f51be1cf1090"}
,"C:\\Users\\Drugie konto\\Desktop\\ReactMead2\\expensify\\src\\components\\ExpenseDashboardPage.js": {"path":"C:\\Users\\Drugie konto\\Desktop\\ReactMead2\\expensify\\src\\components\\ExpenseDashboardPage.js","statementMap":{"0":{"start":{"line":5,"column":29},"end":{"line":10,"column":1}},"1":{"start":{"line":6,"column":2},"end":{"line":9,"column":8}}},"fnMap":{"0":{"name":"(anonymous_0)","decl":{"start":{"line":5,"column":29},"end":{"line":5,"column":30}},"loc":{"start":{"line":6,"column":2},"end":{"line":9,"column":8}},"line":6}},"branchMap":{},"s":{"0":1,"1":1},"f":{"0":1},"b":{},"_coverageSchema":"332fd63041d2c1bcb487cc26dd0d5f7d97098a6c","hash":"7c11c1f9f9ccafd4918c500afd22af19d114404f"}
,"C:\\Users\\Drugie konto\\Desktop\\ReactMead2\\expensify\\src\\components\\ExpenseForm.js": {"path":"C:\\Users\\Drugie konto\\Desktop\\ReactMead2\\expensify\\src\\components\\ExpenseForm.js","statementMap":{"0":{"start":{"line":11,"column":4},"end":{"line":11,"column":17}},"1":{"start":{"line":13,"column":4},"end":{"line":20,"column":6}},"2":{"start":{"line":24,"column":24},"end":{"line":24,"column":38}},"3":{"start":{"line":25,"column":4},"end":{"line":25,"column":43}},"4":{"start":{"line":25,"column":25},"end":{"line":25,"column":40}},"5":{"start":{"line":29,"column":17},"end":{"line":29,"column":31}},"6":{"start":{"line":30,"column":4},"end":{"line":30,"column":36}},"7":{"start":{"line":30,"column":25},"end":{"line":30,"column":33}},"8":{"start":{"line":34,"column":19},"end":{"line":34,"column":33}},"9":{"start":{"line":35,"column":4},"end":{"line":37,"column":5}},"10":{"start":{"line":36,"column":6},"end":{"line":36,"column":40}},"11":{"start":{"line":36,"column":27},"end":{"line":36,"column":37}},"12":{"start":{"line":41,"column":4},"end":{"line":43,"column":5}},"13":{"start":{"line":42,"column":6},"end":{"line":42,"column":43}},"14":{"start":{"line":42,"column":27},"end":{"line":42,"column":40}},"15":{"start":{"line":47,"column":4},"end":{"line":47,"column":56}},"16":{"start":{"line":47,"column":26},"end":{"line":47,"column":52}},"17":{"start":{"line":51,"column":4},"end":{"line":51,"column":23}},"18":{"start":{"line":53,"column":4},"end":{"line":63,"column":5}},"19":{"start":{"line":54,"column":6},"end":{"line":54,"column":45}},"20":{"start":{"line":54,"column":27},"end":{"line":54,"column":42}},"21":{"start":{"line":56,"column":6},"end":{"line":56,"column":46}},"22":{"start":{"line":56,"column":27},"end":{"line":56,"column":43}},"23":{"start":{"line":57,"column":6},"end":{"line":62,"column":8}},"24":{"start":{"line":67,"column":4},"end":{"line":101,"column":5}},"25":{"start":{"line":90,"column":37},"end":{"line":90,"column":42}}},"fnMap":{"0":{"name":"(anonymous_0)","decl":{"start":{"line":10,"column":2},"end":{"line":10,"column":3}},"loc":{"start":{"line":10,"column":21},"end":{"line":21,"column":3}},"line":10},"1":{"name":"(anonymous_1)","decl":{"start":{"line":23,"column":24},"end":{"line":23,"column":25}},"loc":{"start":{"line":23,"column":31},"end":{"line":26,"column":3}},"line":23},"2":{"name":"(anonymous_2)","decl":{"start":{"line":25,"column":18},"end":{"line":25,"column":19}},"loc":{"start":{"line":25,"column":25},"end":{"line":25,"column":40}},"line":25},"3":{"name":"(anonymous_3)","decl":{"start":{"line":28,"column":17},"end":{"line":28,"column":18}},"loc":{"start":{"line":28,"column":24},"end":{"line":31,"column":3}},"line":28},"4":{"name":"(anonymous_4)","decl":{"start":{"line":30,"column":18},"end":{"line":30,"column":19}},"loc":{"start":{"line":30,"column":25},"end":{"line":30,"column":33}},"line":30},"5":{"name":"(anonymous_5)","decl":{"start":{"line":33,"column":19},"end":{"line":33,"column":20}},"loc":{"start":{"line":33,"column":26},"end":{"line":38,"column":3}},"line":33},"6":{"name":"(anonymous_6)","decl":{"start":{"line":36,"column":20},"end":{"line":36,"column":21}},"loc":{"start":{"line":36,"column":27},"end":{"line":36,"column":37}},"line":36},"7":{"name":"(anonymous_7)","decl":{"start":{"line":40,"column":17},"end":{"line":40,"column":18}},"loc":{"start":{"line":40,"column":32},"end":{"line":44,"column":3}},"line":40},"8":{"name":"(anonymous_8)","decl":{"start":{"line":42,"column":20},"end":{"line":42,"column":21}},"loc":{"start":{"line":42,"column":27},"end":{"line":42,"column":40}},"line":42},"9":{"name":"(anonymous_9)","decl":{"start":{"line":46,"column":18},"end":{"line":46,"column":19}},"loc":{"start":{"line":46,"column":35},"end":{"line":48,"column":3}},"line":46},"10":{"name":"(anonymous_10)","decl":{"start":{"line":47,"column":18},"end":{"line":47,"column":19}},"loc":{"start":{"line":47,"column":26},"end":{"line":47,"column":52}},"line":47},"11":{"name":"(anonymous_11)","decl":{"start":{"line":50,"column":13},"end":{"line":50,"column":14}},"loc":{"start":{"line":50,"column":20},"end":{"line":64,"column":3}},"line":50},"12":{"name":"(anonymous_12)","decl":{"start":{"line":54,"column":20},"end":{"line":54,"column":21}},"loc":{"start":{"line":54,"column":27},"end":{"line":54,"column":42}},"line":54},"13":{"name":"(anonymous_13)","decl":{"start":{"line":56,"column":20},"end":{"line":56,"column":21}},"loc":{"start":{"line":56,"column":27},"end":{"line":56,"column":43}},"line":56},"14":{"name":"(anonymous_14)","decl":{"start":{"line":66,"column":2},"end":{"line":66,"column":3}},"loc":{"start":{"line":66,"column":11},"end":{"line":102,"column":3}},"line":66},"15":{"name":"(anonymous_15)","decl":{"start":{"line":90,"column":28},"end":{"line":90,"column":29}},"loc":{"start":{"line":90,"column":37},"end":{"line":90,"column":42}},"line":90}},"branchMap":{"0":{"loc":{"start":{"line":14,"column":19},"end":{"line":14,"column":65}},"type":"cond-expr","locations":[{"start":{"line":14,"column":35},"end":{"line":14,"column":60}},{"start":{"line":14,"column":63},"end":{"line":14,"column":65}}],"line":14},"1":{"loc":{"start":{"line":15,"column":12},"end":{"line":15,"column":51}},"type":"cond-expr","locations":[{"start":{"line":15,"column":28},"end":{"line":15,"column":46}},{"start":{"line":15,"column":49},"end":{"line":15,"column":51}}],"line":15},"2":{"loc":{"start":{"line":16,"column":14},"end":{"line":16,"column":74}},"type":"cond-expr","locations":[{"start":{"line":16,"column":30},"end":{"line":16,"column":69}},{"start":{"line":16,"column":72},"end":{"line":16,"column":74}}],"line":16},"3":{"loc":{"start":{"line":17,"column":17},"end":{"line":17,"column":75}},"type":"cond-expr","locations":[{"start":{"line":17,"column":33},"end":{"line":17,"column":64}},{"start":{"line":17,"column":67},"end":{"line":17,"column":75}}],"line":17},"4":{"loc":{"start":{"line":35,"column":4},"end":{"line":37,"column":5}},"type":"if","locations":[{"start":{"line":35,"column":4},"end":{"line":37,"column":5}},{"start":{"line":35,"column":4},"end":{"line":37,"column":5}}],"line":35},"5":{"loc":{"start":{"line":35,"column":7},"end":{"line":35,"column":54}},"type":"binary-expr","locations":[{"start":{"line":35,"column":7},"end":{"line":35,"column":14}},{"start":{"line":35,"column":18},"end":{"line":35,"column":54}}],"line":35},"6":{"loc":{"start":{"line":41,"column":4},"end":{"line":43,"column":5}},"type":"if","locations":[{"start":{"line":41,"column":4},"end":{"line":43,"column":5}},{"start":{"line":41,"column":4},"end":{"line":43,"column":5}}],"line":41},"7":{"loc":{"start":{"line":53,"column":4},"end":{"line":63,"column":5}},"type":"if","locations":[{"start":{"line":53,"column":4},"end":{"line":63,"column":5}},{"start":{"line":53,"column":4},"end":{"line":63,"column":5}}],"line":53},"8":{"loc":{"start":{"line":53,"column":8},"end":{"line":53,"column":53}},"type":"binary-expr","locations":[{"start":{"line":53,"column":8},"end":{"line":53,"column":31}},{"start":{"line":53,"column":35},"end":{"line":53,"column":53}}],"line":53},"9":{"loc":{"start":{"line":69,"column":9},"end":{"line":69,"column":74}},"type":"binary-expr","locations":[{"start":{"line":69,"column":9},"end":{"line":69,"column":25}},{"start":{"line":69,"column":29},"end":{"line":69,"column":74}}],"line":69},"10":{"loc":{"start":{"line":98,"column":19},"end":{"line":98,"column":70}},"type":"cond-expr","locations":[{"start":{"line":98,"column":40},"end":{"line":98,"column":54}},{"start":{"line":98,"column":57},"end":{"line":98,"column":70}}],"line":98}},"s":{"0":10,"1":10,"2":1,"3":1,"4":1,"5":1,"6":1,"7":1,"8":2,"9":2,"10":1,"11":1,"12":1,"13":1,"14":1,"15":1,"16":1,"17":2,"18":2,"19":1,"20":1,"21":1,"22":1,"23":1,"24":17,"25":0},"f":{"0":10,"1":1,"2":1,"3":1,"4":1,"5":2,"6":1,"7":1,"8":1,"9":1,"10":1,"11":2,"12":1,"13":1,"14":17,"15":0},"b":{"0":[2,8],"1":[2,8],"2":[2,8],"3":[2,8],"4":[1,1],"5":[2,2],"6":[1,0],"7":[1,1],"8":[2,1],"9":[17,1],"10":[3,14]},"_coverageSchema":"332fd63041d2c1bcb487cc26dd0d5f7d97098a6c","hash":"9ca9c4c2353212c35ce4eccd0609616ea98489ab"}
,"C:\\Users\\Drugie konto\\Desktop\\ReactMead2\\expensify\\src\\components\\ExpenseList.js": {"path":"C:\\Users\\Drugie konto\\Desktop\\ReactMead2\\expensify\\src\\components\\ExpenseList.js","statementMap":{"0":{"start":{"line":7,"column":27},"end":{"line":25,"column":1}},"1":{"start":{"line":8,"column":2},"end":{"line":24,"column":8}},"2":{"start":{"line":14,"column":10},"end":{"line":19,"column":11}},"3":{"start":{"line":27,"column":24},"end":{"line":31,"column":1}},"4":{"start":{"line":28,"column":2},"end":{"line":30,"column":4}}},"fnMap":{"0":{"name":"(anonymous_0)","decl":{"start":{"line":7,"column":27},"end":{"line":7,"column":28}},"loc":{"start":{"line":8,"column":2},"end":{"line":24,"column":8}},"line":8},"1":{"name":"(anonymous_1)","decl":{"start":{"line":13,"column":27},"end":{"line":13,"column":28}},"loc":{"start":{"line":13,"column":38},"end":{"line":20,"column":9}},"line":13},"2":{"name":"(anonymous_2)","decl":{"start":{"line":27,"column":24},"end":{"line":27,"column":25}},"loc":{"start":{"line":27,"column":35},"end":{"line":31,"column":1}},"line":27}},"branchMap":{"0":{"loc":{"start":{"line":10,"column":6},"end":{"line":21,"column":7}},"type":"cond-expr","locations":[{"start":{"line":11,"column":8},"end":{"line":11,"column":26}},{"start":{"line":13,"column":8},"end":{"line":20,"column":10}}],"line":10}},"s":{"0":2,"1":2,"2":3,"3":2,"4":0},"f":{"0":2,"1":3,"2":0},"b":{"0":[1,1]},"_coverageSchema":"332fd63041d2c1bcb487cc26dd0d5f7d97098a6c","hash":"9255bb536a8db25fd245f0f8f2a26766b9e399ad"}
,"C:\\Users\\Drugie konto\\Desktop\\ReactMead2\\expensify\\src\\components\\ExpenseListFilters.js": {"path":"C:\\Users\\Drugie konto\\Desktop\\ReactMead2\\expensify\\src\\components\\ExpenseListFilters.js","statementMap":{"0":{"start":{"line":12,"column":4},"end":{"line":12,"column":49}},"1":{"start":{"line":13,"column":4},"end":{"line":13,"column":45}},"2":{"start":{"line":17,"column":4},"end":{"line":17,"column":47}},"3":{"start":{"line":17,"column":25},"end":{"line":17,"column":44}},"4":{"start":{"line":21,"column":4},"end":{"line":47,"column":5}},"5":{"start":{"line":24,"column":12},"end":{"line":24,"column":63}},"6":{"start":{"line":29,"column":29},"end":{"line":29,"column":82}},"7":{"start":{"line":30,"column":12},"end":{"line":30,"column":44}},"8":{"start":{"line":44,"column":32},"end":{"line":44,"column":37}},"9":{"start":{"line":51,"column":24},"end":{"line":55,"column":1}},"10":{"start":{"line":52,"column":2},"end":{"line":54,"column":4}}},"fnMap":{"0":{"name":"(anonymous_0)","decl":{"start":{"line":11,"column":18},"end":{"line":11,"column":19}},"loc":{"start":{"line":11,"column":46},"end":{"line":14,"column":3}},"line":11},"1":{"name":"(anonymous_1)","decl":{"start":{"line":16,"column":18},"end":{"line":16,"column":19}},"loc":{"start":{"line":16,"column":39},"end":{"line":18,"column":3}},"line":16},"2":{"name":"(anonymous_2)","decl":{"start":{"line":17,"column":18},"end":{"line":17,"column":19}},"loc":{"start":{"line":17,"column":25},"end":{"line":17,"column":44}},"line":17},"3":{"name":"(anonymous_3)","decl":{"start":{"line":20,"column":2},"end":{"line":20,"column":3}},"loc":{"start":{"line":20,"column":11},"end":{"line":48,"column":3}},"line":20},"4":{"name":"(anonymous_4)","decl":{"start":{"line":23,"column":69},"end":{"line":23,"column":70}},"loc":{"start":{"line":23,"column":76},"end":{"line":25,"column":11}},"line":23},"5":{"name":"(anonymous_5)","decl":{"start":{"line":28,"column":20},"end":{"line":28,"column":21}},"loc":{"start":{"line":28,"column":27},"end":{"line":31,"column":11}},"line":28},"6":{"name":"(anonymous_6)","decl":{"start":{"line":44,"column":26},"end":{"line":44,"column":27}},"loc":{"start":{"line":44,"column":32},"end":{"line":44,"column":37}},"line":44},"7":{"name":"(anonymous_7)","decl":{"start":{"line":51,"column":24},"end":{"line":51,"column":25}},"loc":{"start":{"line":51,"column":35},"end":{"line":55,"column":1}},"line":51}},"branchMap":{"0":{"loc":{"start":{"line":29,"column":29},"end":{"line":29,"column":82}},"type":"cond-expr","locations":[{"start":{"line":29,"column":57},"end":{"line":29,"column":67}},{"start":{"line":29,"column":70},"end":{"line":29,"column":82}}],"line":29}},"s":{"0":0,"1":0,"2":0,"3":0,"4":0,"5":0,"6":0,"7":0,"8":0,"9":1,"10":0},"f":{"0":0,"1":0,"2":0,"3":0,"4":0,"5":0,"6":0,"7":0},"b":{"0":[0,0]},"_coverageSchema":"332fd63041d2c1bcb487cc26dd0d5f7d97098a6c","hash":"69318fac5fd504f572edaf156def634b8c5253a3"}
,"C:\\Users\\Drugie konto\\Desktop\\ReactMead2\\expensify\\src\\components\\ExpenseListItem.js": {"path":"C:\\Users\\Drugie konto\\Desktop\\ReactMead2\\expensify\\src\\components\\ExpenseListItem.js","statementMap":{"0":{"start":{"line":4,"column":24},"end":{"line":11,"column":1}},"1":{"start":{"line":5,"column":2},"end":{"line":10,"column":8}}},"fnMap":{"0":{"name":"(anonymous_0)","decl":{"start":{"line":4,"column":24},"end":{"line":4,"column":25}},"loc":{"start":{"line":5,"column":2},"end":{"line":10,"column":8}},"line":5}},"branchMap":{},"s":{"0":3,"1":1},"f":{"0":1},"b":{},"_coverageSchema":"332fd63041d2c1bcb487cc26dd0d5f7d97098a6c","hash":"d4515021bdb5c277a5618811fd87babb6826fa81"}
,"C:\\Users\\Drugie konto\\Desktop\\ReactMead2\\expensify\\src\\components\\Header.js": {"path":"C:\\Users\\Drugie konto\\Desktop\\ReactMead2\\expensify\\src\\components\\Header.js","statementMap":{"0":{"start":{"line":4,"column":15},"end":{"line":13,"column":1}},"1":{"start":{"line":5,"column":2},"end":{"line":12,"column":11}}},"fnMap":{"0":{"name":"(anonymous_0)","decl":{"start":{"line":4,"column":15},"end":{"line":4,"column":16}},"loc":{"start":{"line":5,"column":2},"end":{"line":12,"column":11}},"line":5}},"branchMap":{},"s":{"0":1,"1":1},"f":{"0":1},"b":{},"_coverageSchema":"332fd63041d2c1bcb487cc26dd0d5f7d97098a6c","hash":"32c0556b0bd1ecba919140922b76308932d3a4e5"}
,"C:\\Users\\Drugie konto\\Desktop\\ReactMead2\\expensify\\src\\components\\NotFoundPage.js": {"path":"C:\\Users\\Drugie konto\\Desktop\\ReactMead2\\expensify\\src\\components\\NotFoundPage.js","statementMap":{"0":{"start":{"line":4,"column":21},"end":{"line":9,"column":1}},"1":{"start":{"line":5,"column":2},"end":{"line":8,"column":8}}},"fnMap":{"0":{"name":"(anonymous_0)","decl":{"start":{"line":4,"column":21},"end":{"line":4,"column":22}},"loc":{"start":{"line":5,"column":2},"end":{"line":8,"column":8}},"line":5}},"branchMap":{},"s":{"0":1,"1":1},"f":{"0":1},"b":{},"_coverageSchema":"332fd63041d2c1bcb487cc26dd0d5f7d97098a6c","hash":"fcaeb526808e966c00d4cb73cbe63da156815316"}
,"C:\\Users\\Drugie konto\\Desktop\\ReactMead2\\expensify\\src\\reducers\\expenses.js": {"path":"C:\\Users\\Drugie konto\\Desktop\\ReactMead2\\expensify\\src\\reducers\\expenses.js","statementMap":{"0":{"start":{"line":1,"column":36},"end":{"line":1,"column":38}},"1":{"start":{"line":4,"column":2},"end":{"line":19,"column":3}},"2":{"start":{"line":6,"column":6},"end":{"line":6,"column":40}},"3":{"start":{"line":8,"column":6},"end":{"line":8,"column":63}},"4":{"start":{"line":8,"column":37},"end":{"line":8,"column":61}},"5":{"start":{"line":10,"column":6},"end":{"line":16,"column":8}},"6":{"start":{"line":11,"column":8},"end":{"line":15,"column":9}},"7":{"start":{"line":12,"column":10},"end":{"line":12,"column":48}},"8":{"start":{"line":14,"column":10},"end":{"line":14,"column":25}},"9":{"start":{"line":18,"column":5},"end":{"line":18,"column":18}}},"fnMap":{"0":{"name":"(anonymous_0)","decl":{"start":{"line":3,"column":15},"end":{"line":3,"column":16}},"loc":{"start":{"line":3,"column":64},"end":{"line":20,"column":1}},"line":3},"1":{"name":"(anonymous_1)","decl":{"start":{"line":8,"column":26},"end":{"line":8,"column":27}},"loc":{"start":{"line":8,"column":37},"end":{"line":8,"column":61}},"line":8},"2":{"name":"(anonymous_2)","decl":{"start":{"line":10,"column":23},"end":{"line":10,"column":24}},"loc":{"start":{"line":10,"column":36},"end":{"line":16,"column":7}},"line":10}},"branchMap":{"0":{"loc":{"start":{"line":3,"column":16},"end":{"line":3,"column":51}},"type":"default-arg","locations":[{"start":{"line":3,"column":24},"end":{"line":3,"column":51}}],"line":3},"1":{"loc":{"start":{"line":4,"column":2},"end":{"line":19,"column":3}},"type":"switch","locations":[{"start":{"line":5,"column":4},"end":{"line":6,"column":40}},{"start":{"line":7,"column":4},"end":{"line":8,"column":63}},{"start":{"line":9,"column":4},"end":{"line":16,"column":8}},{"start":{"line":17,"column":4},"end":{"line":18,"column":18}}],"line":4},"2":{"loc":{"start":{"line":11,"column":8},"end":{"line":15,"column":9}},"type":"if","locations":[{"start":{"line":11,"column":8},"end":{"line":15,"column":9}},{"start":{"line":11,"column":8},"end":{"line":15,"column":9}}],"line":11}},"s":{"0":1,"1":6,"2":1,"3":2,"4":6,"5":2,"6":6,"7":1,"8":5,"9":1},"f":{"0":6,"1":6,"2":6},"b":{"0":[1],"1":[1,2,2,1],"2":[1,5]},"_coverageSchema":"332fd63041d2c1bcb487cc26dd0d5f7d97098a6c","hash":"e14b195720009249c2a94285f647c1193503935f"}
,"C:\\Users\\Drugie konto\\Desktop\\ReactMead2\\expensify\\src\\reducers\\filters.js": {"path":"C:\\Users\\Drugie konto\\Desktop\\ReactMead2\\expensify\\src\\reducers\\filters.js","statementMap":{"0":{"start":{"line":3,"column":35},"end":{"line":8,"column":1}},"1":{"start":{"line":11,"column":2},"end":{"line":24,"column":3}},"2":{"start":{"line":13,"column":6},"end":{"line":13,"column":45}},"3":{"start":{"line":15,"column":6},"end":{"line":15,"column":44}},"4":{"start":{"line":17,"column":6},"end":{"line":17,"column":42}},"5":{"start":{"line":19,"column":6},"end":{"line":19,"column":50}},"6":{"start":{"line":21,"column":6},"end":{"line":21,"column":48}},"7":{"start":{"line":23,"column":6},"end":{"line":23,"column":19}}},"fnMap":{"0":{"name":"(anonymous_0)","decl":{"start":{"line":10,"column":15},"end":{"line":10,"column":16}},"loc":{"start":{"line":10,"column":63},"end":{"line":25,"column":1}},"line":10}},"branchMap":{"0":{"loc":{"start":{"line":10,"column":16},"end":{"line":10,"column":50}},"type":"default-arg","locations":[{"start":{"line":10,"column":24},"end":{"line":10,"column":50}}],"line":10},"1":{"loc":{"start":{"line":11,"column":2},"end":{"line":24,"column":3}},"type":"switch","locations":[{"start":{"line":12,"column":4},"end":{"line":13,"column":45}},{"start":{"line":14,"column":4},"end":{"line":15,"column":44}},{"start":{"line":16,"column":4},"end":{"line":17,"column":42}},{"start":{"line":18,"column":4},"end":{"line":19,"column":50}},{"start":{"line":20,"column":4},"end":{"line":21,"column":48}},{"start":{"line":22,"column":4},"end":{"line":23,"column":19}}],"line":11}},"s":{"0":1,"1":6,"2":1,"3":1,"4":1,"5":1,"6":1,"7":1},"f":{"0":6},"b":{"0":[5],"1":[1,1,1,1,1,1]},"_coverageSchema":"332fd63041d2c1bcb487cc26dd0d5f7d97098a6c","hash":"5f083ed3cec563700f65b1dd5879add8fe6e2886"}
,"C:\\Users\\Drugie konto\\Desktop\\ReactMead2\\expensify\\src\\selectors\\expenses.js": {"path":"C:\\Users\\Drugie konto\\Desktop\\ReactMead2\\expensify\\src\\selectors\\expenses.js","statementMap":{"0":{"start":{"line":4,"column":2},"end":{"line":17,"column":5}},"1":{"start":{"line":5,"column":28},"end":{"line":5,"column":53}},"2":{"start":{"line":6,"column":27},"end":{"line":6,"column":94}},"3":{"start":{"line":7,"column":25},"end":{"line":7,"column":87}},"4":{"start":{"line":8,"column":22},"end":{"line":8,"column":84}},"5":{"start":{"line":10,"column":4},"end":{"line":10,"column":55}},"6":{"start":{"line":12,"column":4},"end":{"line":16,"column":5}},"7":{"start":{"line":13,"column":6},"end":{"line":13,"column":48}},"8":{"start":{"line":14,"column":11},"end":{"line":16,"column":5}},"9":{"start":{"line":15,"column":6},"end":{"line":15,"column":42}}},"fnMap":{"0":{"name":"(anonymous_0)","decl":{"start":{"line":3,"column":15},"end":{"line":3,"column":16}},"loc":{"start":{"line":3,"column":67},"end":{"line":18,"column":1}},"line":3},"1":{"name":"(anonymous_1)","decl":{"start":{"line":4,"column":25},"end":{"line":4,"column":26}},"loc":{"start":{"line":4,"column":38},"end":{"line":11,"column":3}},"line":4},"2":{"name":"(anonymous_2)","decl":{"start":{"line":11,"column":10},"end":{"line":11,"column":11}},"loc":{"start":{"line":11,"column":20},"end":{"line":17,"column":3}},"line":11}},"branchMap":{"0":{"loc":{"start":{"line":6,"column":27},"end":{"line":6,"column":94}},"type":"cond-expr","locations":[{"start":{"line":6,"column":39},"end":{"line":6,"column":87}},{"start":{"line":6,"column":90},"end":{"line":6,"column":94}}],"line":6},"1":{"loc":{"start":{"line":7,"column":25},"end":{"line":7,"column":87}},"type":"cond-expr","locations":[{"start":{"line":7,"column":35},"end":{"line":7,"column":80}},{"start":{"line":7,"column":83},"end":{"line":7,"column":87}}],"line":7},"2":{"loc":{"start":{"line":10,"column":11},"end":{"line":10,"column":54}},"type":"binary-expr","locations":[{"start":{"line":10,"column":11},"end":{"line":10,"column":25}},{"start":{"line":10,"column":29},"end":{"line":10,"column":41}},{"start":{"line":10,"column":45},"end":{"line":10,"column":54}}],"line":10},"3":{"loc":{"start":{"line":12,"column":4},"end":{"line":16,"column":5}},"type":"if","locations":[{"start":{"line":12,"column":4},"end":{"line":16,"column":5}},{"start":{"line":12,"column":4},"end":{"line":16,"column":5}}],"line":12},"4":{"loc":{"start":{"line":13,"column":13},"end":{"line":13,"column":47}},"type":"cond-expr","locations":[{"start":{"line":13,"column":41},"end":{"line":13,"column":42}},{"start":{"line":13,"column":45},"end":{"line":13,"column":47}}],"line":13},"5":{"loc":{"start":{"line":14,"column":11},"end":{"line":16,"column":5}},"type":"if","locations":[{"start":{"line":14,"column":11},"end":{"line":16,"column":5}},{"start":{"line":14,"column":11},"end":{"line":16,"column":5}}],"line":14},"6":{"loc":{"start":{"line":15,"column":13},"end":{"line":15,"column":41}},"type":"cond-expr","locations":[{"start":{"line":15,"column":35},"end":{"line":15,"column":36}},{"start":{"line":15,"column":39},"end":{"line":15,"column":41}}],"line":15}},"s":{"0":5,"1":15,"2":15,"3":15,"4":15,"5":15,"6":9,"7":6,"8":3,"9":3},"f":{"0":5,"1":15,"2":9},"b":{"0":[3,12],"1":[3,12],"2":[15,14,13],"3":[6,3],"4":[4,2],"5":[3,0],"6":[2,1]},"_coverageSchema":"332fd63041d2c1bcb487cc26dd0d5f7d97098a6c","hash":"be24e0883aed9124e860e8264f2055f795a01129"}
,"C:\\Users\\Drugie konto\\Desktop\\ReactMead2\\expensify\\src\\tests\\setupTests.js": {"path":"C:\\Users\\Drugie konto\\Desktop\\ReactMead2\\expensify\\src\\tests\\setupTests.js","statementMap":{"0":{"start":{"line":4,"column":0},"end":{"line":6,"column":3}}},"fnMap":{},"branchMap":{},"s":{"0":11},"f":{},"b":{},"_coverageSchema":"332fd63041d2c1bcb487cc26dd0d5f7d97098a6c","hash":"c98ecc75e8cfd4d3a27416e28892aa116518b4e4"}
,"C:\\Users\\Drugie konto\\Desktop\\ReactMead2\\expensify\\src\\tests\\fixtures\\expenses.js": {"path":"C:\\Users\\Drugie konto\\Desktop\\ReactMead2\\expensify\\src\\tests\\fixtures\\expenses.js","statementMap":{},"fnMap":{},"branchMap":{},"s":{},"f":{},"b":{},"_coverageSchema":"332fd63041d2c1bcb487cc26dd0d5f7d97098a6c","hash":"7891eba8bc88e04ec4fc74a7982b6a99f065af0e"}
}
