TN:
SF:C:\Users\Drugie konto\Desktop\ReactMead2\expensify\src\actions\expenses.js
FN:3,(anonymous_0)
FN:16,(anonymous_1)
FN:21,(anonymous_2)
FNF:3
FNH:3
FNDA:2,(anonymous_0)
FNDA:1,(anonymous_1)
FNDA:1,(anonymous_2)
DA:3,1
DA:5,2
DA:16,1
DA:21,1
LF:4
LH:4
BRDA:4,0,0,1
BRDA:4,1,0,1
BRDA:4,2,0,1
BRDA:4,3,0,1
BRDA:4,4,0,1
BRDA:16,5,0,0
BRF:6
BRH:5
end_of_record
TN:
SF:C:\Users\Drugie konto\Desktop\ReactMead2\expensify\src\actions\filters.js
FN:1,(anonymous_0)
FN:6,(anonymous_1)
FN:10,(anonymous_2)
FN:14,(anonymous_3)
FN:19,(anonymous_4)
FNF:5
FNH:5
FNDA:2,(anonymous_0)
FNDA:1,(anonymous_1)
FNDA:1,(anonymous_2)
FNDA:1,(anonymous_3)
FNDA:1,(anonymous_4)
DA:1,2
DA:6,2
DA:10,2
DA:14,2
DA:19,2
LF:5
LH:5
BRDA:1,0,0,1
BRDA:14,1,0,0
BRDA:19,2,0,0
BRF:3
BRH:1
end_of_record
TN:
SF:C:\Users\Drugie konto\Desktop\ReactMead2\expensify\src\components\ExpenseDashboardPage.js
FN:5,(anonymous_0)
FNF:1
FNH:1
FNDA:1,(anonymous_0)
DA:5,1
DA:6,1
LF:2
LH:2
BRF:0
BRH:0
end_of_record
TN:
SF:C:\Users\Drugie konto\Desktop\ReactMead2\expensify\src\components\ExpenseForm.js
FN:10,(anonymous_0)
FN:23,(anonymous_1)
FN:25,(anonymous_2)
FN:28,(anonymous_3)
FN:30,(anonymous_4)
FN:33,(anonymous_5)
FN:36,(anonymous_6)
FN:40,(anonymous_7)
FN:42,(anonymous_8)
FN:46,(anonymous_9)
FN:47,(anonymous_10)
FN:50,(anonymous_11)
FN:54,(anonymous_12)
FN:56,(anonymous_13)
FN:66,(anonymous_14)
FN:90,(anonymous_15)
FNF:16
FNH:15
FNDA:10,(anonymous_0)
FNDA:1,(anonymous_1)
FNDA:1,(anonymous_2)
FNDA:1,(anonymous_3)
FNDA:1,(anonymous_4)
FNDA:2,(anonymous_5)
FNDA:1,(anonymous_6)
FNDA:1,(anonymous_7)
FNDA:1,(anonymous_8)
FNDA:1,(anonymous_9)
FNDA:1,(anonymous_10)
FNDA:2,(anonymous_11)
FNDA:1,(anonymous_12)
FNDA:1,(anonymous_13)
FNDA:17,(anonymous_14)
FNDA:0,(anonymous_15)
DA:11,10
DA:13,10
DA:24,1
DA:25,1
DA:29,1
DA:30,1
DA:34,2
DA:35,2
DA:36,1
DA:41,1
DA:42,1
DA:47,1
DA:51,2
DA:53,2
DA:54,1
DA:56,1
DA:57,1
DA:67,17
DA:90,0
LF:19
LH:18
BRDA:14,0,0,2
BRDA:14,0,1,8
BRDA:15,1,0,2
BRDA:15,1,1,8
BRDA:16,2,0,2
BRDA:16,2,1,8
BRDA:17,3,0,2
BRDA:17,3,1,8
BRDA:35,4,0,1
BRDA:35,4,1,1
BRDA:35,5,0,2
BRDA:35,5,1,2
BRDA:41,6,0,1
BRDA:41,6,1,0
BRDA:53,7,0,1
BRDA:53,7,1,1
BRDA:53,8,0,2
BRDA:53,8,1,1
BRDA:69,9,0,17
BRDA:69,9,1,1
BRDA:98,10,0,3
BRDA:98,10,1,14
BRF:22
BRH:21
end_of_record
TN:
SF:C:\Users\Drugie konto\Desktop\ReactMead2\expensify\src\components\ExpenseList.js
FN:7,(anonymous_0)
FN:13,(anonymous_1)
FN:27,(anonymous_2)
FNF:3
FNH:2
FNDA:2,(anonymous_0)
FNDA:3,(anonymous_1)
FNDA:0,(anonymous_2)
DA:7,2
DA:8,2
DA:14,3
DA:27,2
DA:28,0
LF:5
LH:4
BRDA:10,0,0,1
BRDA:10,0,1,1
BRF:2
BRH:2
end_of_record
TN:
SF:C:\Users\Drugie konto\Desktop\ReactMead2\expensify\src\components\ExpenseListFilters.js
FN:11,(anonymous_0)
FN:16,(anonymous_1)
FN:17,(anonymous_2)
FN:20,(anonymous_3)
FN:23,(anonymous_4)
FN:28,(anonymous_5)
FN:44,(anonymous_6)
FN:51,(anonymous_7)
FNF:8
FNH:0
FNDA:0,(anonymous_0)
FNDA:0,(anonymous_1)
FNDA:0,(anonymous_2)
FNDA:0,(anonymous_3)
FNDA:0,(anonymous_4)
FNDA:0,(anonymous_5)
FNDA:0,(anonymous_6)
FNDA:0,(anonymous_7)
DA:12,0
DA:13,0
DA:17,0
DA:21,0
DA:24,0
DA:29,0
DA:30,0
DA:44,0
DA:51,1
DA:52,0
LF:10
LH:1
BRDA:29,0,0,0
BRDA:29,0,1,0
BRF:2
BRH:0
end_of_record
TN:
SF:C:\Users\Drugie konto\Desktop\ReactMead2\expensify\src\components\ExpenseListItem.js
FN:4,(anonymous_0)
FNF:1
FNH:1
FNDA:1,(anonymous_0)
DA:4,3
DA:5,1
LF:2
LH:2
BRF:0
BRH:0
end_of_record
TN:
SF:C:\Users\Drugie konto\Desktop\ReactMead2\expensify\src\components\Header.js
FN:4,(anonymous_0)
FNF:1
FNH:1
FNDA:1,(anonymous_0)
DA:4,1
DA:5,1
LF:2
LH:2
BRF:0
BRH:0
end_of_record
TN:
SF:C:\Users\Drugie konto\Desktop\ReactMead2\expensify\src\components\NotFoundPage.js
FN:4,(anonymous_0)
FNF:1
FNH:1
FNDA:1,(anonymous_0)
DA:4,1
DA:5,1
LF:2
LH:2
BRF:0
BRH:0
end_of_record
TN:
SF:C:\Users\Drugie konto\Desktop\ReactMead2\expensify\src\reducers\expenses.js
FN:3,(anonymous_0)
FN:8,(anonymous_1)
FN:10,(anonymous_2)
FNF:3
FNH:3
FNDA:6,(anonymous_0)
FNDA:6,(anonymous_1)
FNDA:6,(anonymous_2)
DA:1,1
DA:4,6
DA:6,1
DA:8,6
DA:10,2
DA:11,6
DA:12,1
DA:14,5
DA:18,1
LF:9
LH:9
BRDA:3,0,0,1
BRDA:4,1,0,1
BRDA:4,1,1,2
BRDA:4,1,2,2
BRDA:4,1,3,1
BRDA:11,2,0,1
BRDA:11,2,1,5
BRF:7
BRH:7
end_of_record
TN:
SF:C:\Users\Drugie konto\Desktop\ReactMead2\expensify\src\reducers\filters.js
FN:10,(anonymous_0)
FNF:1
FNH:1
FNDA:6,(anonymous_0)
DA:3,1
DA:11,6
DA:13,1
DA:15,1
DA:17,1
DA:19,1
DA:21,1
DA:23,1
LF:8
LH:8
BRDA:10,0,0,5
BRDA:11,1,0,1
BRDA:11,1,1,1
BRDA:11,1,2,1
BRDA:11,1,3,1
BRDA:11,1,4,1
BRDA:11,1,5,1
BRF:7
BRH:7
end_of_record
TN:
SF:C:\Users\Drugie konto\Desktop\ReactMead2\expensify\src\selectors\expenses.js
FN:3,(anonymous_0)
FN:4,(anonymous_1)
FN:11,(anonymous_2)
FNF:3
FNH:3
FNDA:5,(anonymous_0)
FNDA:15,(anonymous_1)
FNDA:9,(anonymous_2)
DA:4,5
DA:5,15
DA:6,15
DA:7,15
DA:8,15
DA:10,15
DA:12,9
DA:13,6
DA:14,3
DA:15,3
LF:10
LH:10
BRDA:6,0,0,3
BRDA:6,0,1,12
BRDA:7,1,0,3
BRDA:7,1,1,12
BRDA:10,2,0,15
BRDA:10,2,1,14
BRDA:10,2,2,13
BRDA:12,3,0,6
BRDA:12,3,1,3
BRDA:13,4,0,4
BRDA:13,4,1,2
BRDA:14,5,0,3
BRDA:14,5,1,0
BRDA:15,6,0,2
BRDA:15,6,1,1
BRF:15
BRH:14
end_of_record
TN:
SF:C:\Users\Drugie konto\Desktop\ReactMead2\expensify\src\tests\setupTests.js
FNF:0
FNH:0
DA:4,11
LF:1
LH:1
BRF:0
BRH:0
end_of_record
TN:
SF:C:\Users\Drugie konto\Desktop\ReactMead2\expensify\src\tests\fixtures\expenses.js
FNF:0
FNH:0
LF:0
LH:0
BRF:0
BRH:0
end_of_record
